cmusphinx-fr-ptm-5.2-adapt/README
cmusphinx-fr-ptm-5.2-adapt/feat.params
cmusphinx-fr-ptm-5.2-adapt/mdef
cmusphinx-fr-ptm-5.2-adapt/mdef.txt
cmusphinx-fr-ptm-5.2-adapt/means
cmusphinx-fr-ptm-5.2-adapt/mixture_weights
cmusphinx-fr-ptm-5.2-adapt/noisedict
cmusphinx-fr-ptm-5.2-adapt/sendump
cmusphinx-fr-ptm-5.2-adapt/transition_matrices
cmusphinx-fr-ptm-5.2-adapt/variances
cmusphinx-fr-ptm-5.2/README
cmusphinx-fr-ptm-5.2/feat.params
cmusphinx-fr-ptm-5.2/mdef
cmusphinx-fr-ptm-5.2/means
cmusphinx-fr-ptm-5.2/mixture_weights
cmusphinx-fr-ptm-5.2/noisedict
cmusphinx-fr-ptm-5.2/sendump
cmusphinx-fr-ptm-5.2/transition_matrices
cmusphinx-fr-ptm-5.2/variances
contact.list
fr.dict
lm.lm
location.list
menu.list
pruned-lm.lm
song.list